"../../../../../../Users/harri/Desktop/GJLFall2021/GJLFall2021/Content/Assets/Tileset_Items.uasset" 0
"../../../../../../Users/harri/Desktop/GJLFall2021/GJLFall2021/Content/Assets/Tileset_Items_TileSet.uasset" 1
"../../../../../../Users/harri/Desktop/GJLFall2021/GJLFall2021/Content/Levels/Level0Tilemap.uasset" 2
"../../../../../../Users/harri/Desktop/GJLFall2021/GJLFall2021/Content/Level0.uasset" 3
"../../../../../../Users/harri/Desktop/GJLFall2021/GJLFall2021/Content/Levels/Level1TileMap.uasset" 4
"../../../../../../Users/harri/Desktop/GJLFall2021/GJLFall2021/Content/Level1.uasset" 5
"../../../../../../Users/harri/Desktop/GJLFall2021/GJLFall2021/Content/Assets/Chicken/Chicken_Sprite_Sheet.uasset" 6
"../../Plugins/2D/Paper2D/Content/PlaceholderTextures/DummySpriteTexture.uasset" 7
"../../Plugins/2D/Paper2D/Content/DefaultSpriteMaterial.uasset" 8
"../../Plugins/2D/Paper2D/Content/TranslucentUnlitSpriteMaterial.uasset" 9
"../../../../../../Users/harri/Desktop/GJLFall2021/GJLFall2021/Content/Assets/Chicken/Chicken_Sprite_Sheet_Sprite_6.uasset" 10
"../../../../../../Users/harri/Desktop/GJLFall2021/GJLFall2021/Content/Assets/Chicken/Chicken_Sprite_Sheet_Sprite_5.uasset" 11
"../../../../../../Users/harri/Desktop/GJLFall2021/GJLFall2021/Content/Assets/Chicken/Chicken_Sprite_Sheet_Sprite_4.uasset" 12
"../../../../../../Users/harri/Desktop/GJLFall2021/GJLFall2021/Content/Assets/Chicken/Chicken_Sprite_Sheet_Sprite_7.uasset" 13
"../../../../../../Users/harri/Desktop/GJLFall2021/GJLFall2021/Content/Animations/Chicken.uasset" 14
"../../../../../../Users/harri/Desktop/GJLFall2021/GJLFall2021/Content/Assets/Explosion/Explosion_SpriteSheet.uasset" 15
"../../../../../../Users/harri/Desktop/GJLFall2021/GJLFall2021/Content/Assets/Explosion/Sprites/Explosion_SpriteSheet_Sprite_0.uasset" 16
"../../../../../../Users/harri/Desktop/GJLFall2021/GJLFall2021/Content/Assets/Explosion/Sprites/Explosion_SpriteSheet_Sprite_1.uasset" 17
"../../../../../../Users/harri/Desktop/GJLFall2021/GJLFall2021/Content/Assets/Explosion/Sprites/Explosion_SpriteSheet_Sprite_10.uasset" 18
"../../../../../../Users/harri/Desktop/GJLFall2021/GJLFall2021/Content/Assets/Explosion/Sprites/Explosion_SpriteSheet_Sprite_9.uasset" 19
"../../../../../../Users/harri/Desktop/GJLFall2021/GJLFall2021/Content/Assets/Explosion/Sprites/Explosion_SpriteSheet_Sprite_8.uasset" 20
"../../../../../../Users/harri/Desktop/GJLFall2021/GJLFall2021/Content/Assets/Explosion/Sprites/Explosion_SpriteSheet_Sprite_7.uasset" 21
"../../../../../../Users/harri/Desktop/GJLFall2021/GJLFall2021/Content/Assets/Explosion/Sprites/Explosion_SpriteSheet_Sprite_6.uasset" 22
"../../../../../../Users/harri/Desktop/GJLFall2021/GJLFall2021/Content/Assets/Explosion/Sprites/Explosion_SpriteSheet_Sprite_5.uasset" 23
"../../../../../../Users/harri/Desktop/GJLFall2021/GJLFall2021/Content/Assets/Explosion/Sprites/Explosion_SpriteSheet_Sprite_4.uasset" 24
"../../../../../../Users/harri/Desktop/GJLFall2021/GJLFall2021/Content/Assets/Explosion/Sprites/Explosion_SpriteSheet_Sprite_3.uasset" 25
"../../../../../../Users/harri/Desktop/GJLFall2021/GJLFall2021/Content/Assets/Explosion/Sprites/Explosion_SpriteSheet_Sprite_2.uasset" 26
"../../../../../../Users/harri/Desktop/GJLFall2021/GJLFall2021/Content/Assets/Explosion/Sprites/Explosion_SpriteSheet_Sprite_15.uasset" 27
"../../../../../../Users/harri/Desktop/GJLFall2021/GJLFall2021/Content/Assets/Explosion/Sprites/Explosion_SpriteSheet_Sprite_14.uasset" 28
"../../../../../../Users/harri/Desktop/GJLFall2021/GJLFall2021/Content/Assets/Explosion/Sprites/Explosion_SpriteSheet_Sprite_13.uasset" 29
"../../../../../../Users/harri/Desktop/GJLFall2021/GJLFall2021/Content/Assets/Explosion/Sprites/Explosion_SpriteSheet_Sprite_12.uasset" 30
"../../../../../../Users/harri/Desktop/GJLFall2021/GJLFall2021/Content/Assets/Explosion/Sprites/Explosion_SpriteSheet_Sprite_11.uasset" 31
"../../../../../../Users/harri/Desktop/GJLFall2021/GJLFall2021/Content/Animations/Explosion.uasset" 32
"../../../../../../Users/harri/Desktop/GJLFall2021/GJLFall2021/Content/Assets/PlayerAssets/Hurt/Want_The_3_Hurt_Frames_in_Bottom_left.uasset" 33
"../../../../../../Users/harri/Desktop/GJLFall2021/GJLFall2021/Content/Assets/PlayerAssets/Hurt/Want_The_3_Hurt_Frames_in_Bottom_left_Sprite_122.uasset" 34
"../../../../../../Users/harri/Desktop/GJLFall2021/GJLFall2021/Content/Assets/PlayerAssets/Hurt/Want_The_3_Hurt_Frames_in_Bottom_left_Sprite_121.uasset" 35
"../../../../../../Users/harri/Desktop/GJLFall2021/GJLFall2021/Content/Assets/PlayerAssets/Hurt/Want_The_3_Hurt_Frames_in_Bottom_left_Sprite_120.uasset" 36
"../../../../../../Users/harri/Desktop/GJLFall2021/GJLFall2021/Content/Animations/PlayerAnims/Hurt.uasset" 37
"../../../../../../Users/harri/Desktop/GJLFall2021/GJLFall2021/Content/Assets/resources_basic.uasset" 38
"../../../../../../Users/harri/Desktop/GJLFall2021/GJLFall2021/Content/Assets/Chicken/Chicken_Sprite_Sheet_Sprite_0.uasset" 39
"../../../../../../Users/harri/Desktop/GJLFall2021/GJLFall2021/Content/Assets/Chicken/Chicken_Sprite_Sheet_Sprite_1.uasset" 40
"../../../../../../Users/harri/Desktop/GJLFall2021/GJLFall2021/Content/Assets/Chicken/Chicken_Sprite_Sheet_Sprite_11.uasset" 41
"../../../../../../Users/harri/Desktop/GJLFall2021/GJLFall2021/Content/Assets/Chicken/Chicken_Sprite_Sheet_Sprite_12.uasset" 42
"../../../../../../Users/harri/Desktop/GJLFall2021/GJLFall2021/Content/Assets/Chicken/Chicken_Sprite_Sheet_Sprite_13.uasset" 43
"../../../../../../Users/harri/Desktop/GJLFall2021/GJLFall2021/Content/Assets/Chicken/Chicken_Sprite_Sheet_Sprite_14.uasset" 44
"../../../../../../Users/harri/Desktop/GJLFall2021/GJLFall2021/Content/Assets/Chicken/Chicken_Sprite_Sheet_Sprite_15.uasset" 45
"../../../../../../Users/harri/Desktop/GJLFall2021/GJLFall2021/Content/Assets/Chicken/Chicken_Sprite_Sheet_Sprite_2.uasset" 46
"../../../../../../Users/harri/Desktop/GJLFall2021/GJLFall2021/Content/Assets/Chicken/Chicken_Sprite_Sheet_Sprite_3.uasset" 47
"../../../../../../Users/harri/Desktop/GJLFall2021/GJLFall2021/Content/Assets/Chicken/Chicken_Sprite_Sheet_Sprite_8.uasset" 48
"../../../../../../Users/harri/Desktop/GJLFall2021/GJLFall2021/Content/Assets/Chicken/Chicken_Sprite_Sheet_Sprite_9.uasset" 49
"../../../../../../Users/harri/Desktop/GJLFall2021/GJLFall2021/Content/Assets/EnemyBoss/JBOT-all_animations-Sheet_01.uasset" 50
"../../../../../../Users/harri/Desktop/GJLFall2021/GJLFall2021/Content/Assets/EnemyBoss/JBOT-all_animations-Sheet_01_Sprite_10.uasset" 51
"../../../../../../Users/harri/Desktop/GJLFall2021/GJLFall2021/Content/Assets/EnemyBoss/JBOT-all_animations-Sheet_01_Sprite_11.uasset" 52
"../../../../../../Users/harri/Desktop/GJLFall2021/GJLFall2021/Content/Assets/EnemyBoss/JBOT-all_animations-Sheet_01_Sprite_12.uasset" 53
"../../../../../../Users/harri/Desktop/GJLFall2021/GJLFall2021/Content/Assets/EnemyBoss/JBOT-all_animations-Sheet_01_Sprite_13.uasset" 54
"../../../../../../Users/harri/Desktop/GJLFall2021/GJLFall2021/Content/Assets/EnemyBoss/JBOT-all_animations-Sheet_01_Sprite_14.uasset" 55
"../../../../../../Users/harri/Desktop/GJLFall2021/GJLFall2021/Content/Assets/EnemyBoss/JBOT-all_animations-Sheet_01_Sprite_16.uasset" 56
"../../../../../../Users/harri/Desktop/GJLFall2021/GJLFall2021/Content/Assets/EnemyBoss/JBOT-all_animations-Sheet_01_Sprite_17.uasset" 57
"../../../../../../Users/harri/Desktop/GJLFall2021/GJLFall2021/Content/Assets/EnemyBoss/JBOT-all_animations-Sheet_01_Sprite_18.uasset" 58
"../../../../../../Users/harri/Desktop/GJLFall2021/GJLFall2021/Content/Assets/EnemyBoss/JBOT-all_animations-Sheet_01_Sprite_19.uasset" 59
"../../../../../../Users/harri/Desktop/GJLFall2021/GJLFall2021/Content/Assets/EnemyBoss/JBOT-all_animations-Sheet_01_Sprite_20.uasset" 60
"../../../../../../Users/harri/Desktop/GJLFall2021/GJLFall2021/Content/Assets/EnemyBoss/JBOT-all_animations-Sheet_01_Sprite_24.uasset" 61
"../../../../../../Users/harri/Desktop/GJLFall2021/GJLFall2021/Content/Assets/EnemyBoss/JBOT-all_animations-Sheet_01_Sprite_25.uasset" 62
"../../../../../../Users/harri/Desktop/GJLFall2021/GJLFall2021/Content/Assets/EnemyBoss/JBOT-all_animations-Sheet_01_Sprite_26.uasset" 63
"../../../../../../Users/harri/Desktop/GJLFall2021/GJLFall2021/Content/Assets/EnemyBoss/JBOT-all_animations-Sheet_01_Sprite_27.uasset" 64
"../../../../../../Users/harri/Desktop/GJLFall2021/GJLFall2021/Content/Assets/EnemyBoss/JBOT-all_animations-Sheet_01_Sprite_28.uasset" 65
"../../../../../../Users/harri/Desktop/GJLFall2021/GJLFall2021/Content/Assets/EnemyBoss/JBOT-all_animations-Sheet_01_Sprite_32.uasset" 66
"../../../../../../Users/harri/Desktop/GJLFall2021/GJLFall2021/Content/Assets/EnemyBoss/JBOT-all_animations-Sheet_01_Sprite_33.uasset" 67
"../../../../../../Users/harri/Desktop/GJLFall2021/GJLFall2021/Content/Assets/EnemyBoss/JBOT-all_animations-Sheet_01_Sprite_34.uasset" 68
"../../../../../../Users/harri/Desktop/GJLFall2021/GJLFall2021/Content/Assets/EnemyBoss/JBOT-all_animations-Sheet_01_Sprite_35.uasset" 69
"../../../../../../Users/harri/Desktop/GJLFall2021/GJLFall2021/Content/Assets/EnemyBoss/JBOT-all_animations-Sheet_01_Sprite_40.uasset" 70
"../../../../../../Users/harri/Desktop/GJLFall2021/GJLFall2021/Content/Assets/EnemyBoss/JBOT-all_animations-Sheet_01_Sprite_41.uasset" 71
"../../../../../../Users/harri/Desktop/GJLFall2021/GJLFall2021/Content/Assets/EnemyBoss/JBOT-all_animations-Sheet_01_Sprite_42.uasset" 72
"../../../../../../Users/harri/Desktop/GJLFall2021/GJLFall2021/Content/Assets/EnemyBoss/JBOT-all_animations-Sheet_01_Sprite_43.uasset" 73
"../../../../../../Users/harri/Desktop/GJLFall2021/GJLFall2021/Content/Assets/EnemyBoss/JBOT-all_animations-Sheet_01_Sprite_7.uasset" 74
"../../../../../../Users/harri/Desktop/GJLFall2021/GJLFall2021/Content/Assets/0x72_16x16RobotTileset_v1.uasset" 75
"../../../../../../Users/harri/Desktop/GJLFall2021/GJLFall2021/Content/Assets/Robots/Orange/0x72_16x16RobotTileset_v1_Sprite_14.uasset" 76
"../../../../../../Users/harri/Desktop/GJLFall2021/GJLFall2021/Content/Assets/Robots/Orange/0x72_16x16RobotTileset_v1_Sprite_21.uasset" 77
"../../../../../../Users/harri/Desktop/GJLFall2021/GJLFall2021/Content/Assets/Robots/Orange/0x72_16x16RobotTileset_v1_Sprite_24.uasset" 78
"../../../../../../Users/harri/Desktop/GJLFall2021/GJLFall2021/Content/Assets/Robots/Orange/0x72_16x16RobotTileset_v1_Sprite_27.uasset" 79
"../../../../../../Users/harri/Desktop/GJLFall2021/GJLFall2021/Content/Assets/Robots/Orange/0x72_16x16RobotTileset_v1_Sprite_33.uasset" 80
"../../../../../../Users/harri/Desktop/GJLFall2021/GJLFall2021/Content/Assets/Robots/Orange/0x72_16x16RobotTileset_v1_Sprite_40.uasset" 81
"../../../../../../Users/harri/Desktop/GJLFall2021/GJLFall2021/Content/Assets/Robots/Orange/0x72_16x16RobotTileset_v1_Sprite_42.uasset" 82
"../../../../../../Users/harri/Desktop/GJLFall2021/GJLFall2021/Content/Assets/Robots/Orange/0x72_16x16RobotTileset_v1_Sprite_45.uasset" 83
"../../../../../../Users/harri/Desktop/GJLFall2021/GJLFall2021/Content/Assets/Robots/Orange/0x72_16x16RobotTileset_v1_Sprite_49.uasset" 84
"../../../../../../Users/harri/Desktop/GJLFall2021/GJLFall2021/Content/Assets/Robots/Orange/0x72_16x16RobotTileset_v1_Sprite_51.uasset" 85
"../../../../../../Users/harri/Desktop/GJLFall2021/GJLFall2021/Content/Assets/Robots/Orange/0x72_16x16RobotTileset_v1_Sprite_52.uasset" 86
"../../../../../../Users/harri/Desktop/GJLFall2021/GJLFall2021/Content/Assets/Robots/Orange/0x72_16x16RobotTileset_v1_Sprite_55.uasset" 87
"../../../../../../Users/harri/Desktop/GJLFall2021/GJLFall2021/Content/Assets/Robots/Red/0x72_16x16RobotTileset_v1_Sprite_12.uasset" 88
"../../../../../../Users/harri/Desktop/GJLFall2021/GJLFall2021/Content/Assets/Robots/Red/0x72_16x16RobotTileset_v1_Sprite_20.uasset" 89
"../../../../../../Users/harri/Desktop/GJLFall2021/GJLFall2021/Content/Assets/Robots/Red/0x72_16x16RobotTileset_v1_Sprite_22.uasset" 90
"../../../../../../Users/harri/Desktop/GJLFall2021/GJLFall2021/Content/Assets/Robots/Red/0x72_16x16RobotTileset_v1_Sprite_25.uasset" 91
"../../../../../../Users/harri/Desktop/GJLFall2021/GJLFall2021/Content/Assets/Robots/Red/0x72_16x16RobotTileset_v1_Sprite_31.uasset" 92
"../../../../../../Users/harri/Desktop/GJLFall2021/GJLFall2021/Content/Assets/Robots/Red/0x72_16x16RobotTileset_v1_Sprite_39.uasset" 93
"../../../../../../Users/harri/Desktop/GJLFall2021/GJLFall2021/Content/Assets/Robots/Red/0x72_16x16RobotTileset_v1_Sprite_43.uasset" 94
"../../../../../../Users/harri/Desktop/GJLFall2021/GJLFall2021/Content/Assets/Robots/Red/0x72_16x16RobotTileset_v1_Sprite_44.uasset" 95
"../../../../../../Users/harri/Desktop/GJLFall2021/GJLFall2021/Content/Assets/Robots/Red/0x72_16x16RobotTileset_v1_Sprite_48.uasset" 96
"../../../../../../Users/harri/Desktop/GJLFall2021/GJLFall2021/Content/Assets/Robots/Red/0x72_16x16RobotTileset_v1_Sprite_50.uasset" 97
"../../../../../../Users/harri/Desktop/GJLFall2021/GJLFall2021/Content/Assets/Robots/Red/0x72_16x16RobotTileset_v1_Sprite_53.uasset" 98
"../../../../../../Users/harri/Desktop/GJLFall2021/GJLFall2021/Content/Assets/Robots/Red/0x72_16x16RobotTileset_v1_Sprite_54.uasset" 99
"../../../../../../Users/harri/Desktop/GJLFall2021/GJLFall2021/Content/Assets/Robots/Yellow/0x72_16x16RobotTileset_v1_Sprite_392.uasset" 100
"../../../../../../Users/harri/Desktop/GJLFall2021/GJLFall2021/Content/Assets/Robots/Yellow/0x72_16x16RobotTileset_v1_Sprite_393.uasset" 101
"../../../../../../Users/harri/Desktop/GJLFall2021/GJLFall2021/Content/Assets/Robots/Yellow/0x72_16x16RobotTileset_v1_Sprite_394.uasset" 102
"../../../../../../Users/harri/Desktop/GJLFall2021/GJLFall2021/Content/Assets/Robots/Yellow/0x72_16x16RobotTileset_v1_Sprite_395.uasset" 103
"../../../../../../Users/harri/Desktop/GJLFall2021/GJLFall2021/Content/Assets/Robots/Yellow/0x72_16x16RobotTileset_v1_Sprite_396.uasset" 104
"../../../../../../Users/harri/Desktop/GJLFall2021/GJLFall2021/Content/Assets/Robots/Yellow/0x72_16x16RobotTileset_v1_Sprite_397.uasset" 105
"../../../../../../Users/harri/Desktop/GJLFall2021/GJLFall2021/Content/Assets/Robots/Yellow/0x72_16x16RobotTileset_v1_Sprite_398.uasset" 106
"../../../../../../Users/harri/Desktop/GJLFall2021/GJLFall2021/Content/Assets/Robots/Yellow/0x72_16x16RobotTileset_v1_Sprite_399.uasset" 107
"../../../../../../Users/harri/Desktop/GJLFall2021/GJLFall2021/Content/Assets/Robots/Yellow/0x72_16x16RobotTileset_v1_Sprite_400.uasset" 108
"../../../../../../Users/harri/Desktop/GJLFall2021/GJLFall2021/Content/Assets/Robots/Yellow/0x72_16x16RobotTileset_v1_Sprite_401.uasset" 109
"../../../../../../Users/harri/Desktop/GJLFall2021/GJLFall2021/Content/Assets/Robots/Yellow/0x72_16x16RobotTileset_v1_Sprite_402.uasset" 110
"../../../../../../Users/harri/Desktop/GJLFall2021/GJLFall2021/Content/Assets/Robots/Yellow/0x72_16x16RobotTileset_v1_Sprite_403.uasset" 111
"../../../../../../Users/harri/Desktop/GJLFall2021/GJLFall2021/Content/Cinematics/RobotTrailsVOD.uasset" 112
"../../../../../../Users/harri/Desktop/GJLFall2021/GJLFall2021/Content/Cinematics/RobotTrailsVOD_Video.uasset" 113
"../../../../../../Users/harri/Desktop/GJLFall2021/GJLFall2021/Content/Cinematics/RobotTrailsVOD_Video_Mat.uasset" 114
"../../../../../../Users/harri/Desktop/GJLFall2021/GJLFall2021/Content/Assets/Lock/Tileset_Items_Sprite_0.uasset" 115
"../../../../../../Users/harri/Desktop/GJLFall2021/GJLFall2021/Content/Animations/CloseLock.uasset" 116
"../../../../../../Users/harri/Desktop/GJLFall2021/GJLFall2021/Content/Assets/robotball/skeleton-animation_01.uasset" 117
"../../../../../../Users/harri/Desktop/GJLFall2021/GJLFall2021/Content/Assets/robotball/skeleton-animation_01_Sprite.uasset" 118
"../../../../../../Users/harri/Desktop/GJLFall2021/GJLFall2021/Content/Assets/robotball/skeleton-animation_00.uasset" 119
"../../../../../../Users/harri/Desktop/GJLFall2021/GJLFall2021/Content/Assets/robotball/skeleton-animation_00_Sprite.uasset" 120
"../../../../../../Users/harri/Desktop/GJLFall2021/GJLFall2021/Content/Assets/robotball/skeleton-animation_15.uasset" 121
"../../../../../../Users/harri/Desktop/GJLFall2021/GJLFall2021/Content/Assets/robotball/skeleton-animation_15_Sprite.uasset" 122
"../../../../../../Users/harri/Desktop/GJLFall2021/GJLFall2021/Content/Assets/robotball/skeleton-animation_08.uasset" 123
"../../../../../../Users/harri/Desktop/GJLFall2021/GJLFall2021/Content/Assets/robotball/skeleton-animation_08_Sprite.uasset" 124
"../../../../../../Users/harri/Desktop/GJLFall2021/GJLFall2021/Content/Assets/robotball/skeleton-animation_09.uasset" 125
"../../../../../../Users/harri/Desktop/GJLFall2021/GJLFall2021/Content/Assets/robotball/skeleton-animation_09_Sprite.uasset" 126
"../../../../../../Users/harri/Desktop/GJLFall2021/GJLFall2021/Content/Assets/robotball/skeleton-animation_12.uasset" 127
"../../../../../../Users/harri/Desktop/GJLFall2021/GJLFall2021/Content/Assets/robotball/skeleton-animation_12_Sprite.uasset" 128
"../../../../../../Users/harri/Desktop/GJLFall2021/GJLFall2021/Content/Assets/robotball/skeleton-animation_06.uasset" 129
"../../../../../../Users/harri/Desktop/GJLFall2021/GJLFall2021/Content/Assets/robotball/skeleton-animation_06_Sprite.uasset" 130
"../../../../../../Users/harri/Desktop/GJLFall2021/GJLFall2021/Content/Assets/robotball/skeleton-animation_13.uasset" 131
"../../../../../../Users/harri/Desktop/GJLFall2021/GJLFall2021/Content/Assets/robotball/skeleton-animation_13_Sprite.uasset" 132
"../../../../../../Users/harri/Desktop/GJLFall2021/GJLFall2021/Content/Assets/robotball/skeleton-animation_14.uasset" 133
"../../../../../../Users/harri/Desktop/GJLFall2021/GJLFall2021/Content/Assets/robotball/skeleton-animation_14_Sprite.uasset" 134
"../../../../../../Users/harri/Desktop/GJLFall2021/GJLFall2021/Content/Assets/robotball/skeleton-animation_04.uasset" 135
"../../../../../../Users/harri/Desktop/GJLFall2021/GJLFall2021/Content/Assets/robotball/skeleton-animation_04_Sprite.uasset" 136
"../../../../../../Users/harri/Desktop/GJLFall2021/GJLFall2021/Content/Assets/robotball/skeleton-animation_07.uasset" 137
"../../../../../../Users/harri/Desktop/GJLFall2021/GJLFall2021/Content/Assets/robotball/skeleton-animation_07_Sprite.uasset" 138
"../../../../../../Users/harri/Desktop/GJLFall2021/GJLFall2021/Content/Assets/robotball/skeleton-animation_11.uasset" 139
"../../../../../../Users/harri/Desktop/GJLFall2021/GJLFall2021/Content/Assets/robotball/skeleton-animation_11_Sprite.uasset" 140
"../../../../../../Users/harri/Desktop/GJLFall2021/GJLFall2021/Content/Assets/robotball/skeleton-animation_10.uasset" 141
"../../../../../../Users/harri/Desktop/GJLFall2021/GJLFall2021/Content/Assets/robotball/skeleton-animation_10_Sprite.uasset" 142
"../../../../../../Users/harri/Desktop/GJLFall2021/GJLFall2021/Content/Assets/robotball/skeleton-animation_02.uasset" 143
"../../../../../../Users/harri/Desktop/GJLFall2021/GJLFall2021/Content/Assets/robotball/skeleton-animation_02_Sprite.uasset" 144
"../../../../../../Users/harri/Desktop/GJLFall2021/GJLFall2021/Content/Assets/robotball/skeleton-animation_03.uasset" 145
"../../../../../../Users/harri/Desktop/GJLFall2021/GJLFall2021/Content/Assets/robotball/skeleton-animation_03_Sprite.uasset" 146
"../../../../../../Users/harri/Desktop/GJLFall2021/GJLFall2021/Content/Assets/robotball/skeleton-animation_05.uasset" 147
"../../../../../../Users/harri/Desktop/GJLFall2021/GJLFall2021/Content/Assets/robotball/skeleton-animation_05_Sprite.uasset" 148
"../../../../../../Users/harri/Desktop/GJLFall2021/GJLFall2021/Content/Animations/BbRobot.uasset" 149
"../../../../../../Users/harri/Desktop/GJLFall2021/GJLFall2021/Content/Assets/Ball/Texture/7PQe-9.uasset" 150
"../../../../../../Users/harri/Desktop/GJLFall2021/GJLFall2021/Content/Assets/Ball/Sprite/7PQe-9_Sprite.uasset" 151
"../../../../../../Users/harri/Desktop/GJLFall2021/GJLFall2021/Content/Assets/Ball/Texture/7PQe-8.uasset" 152
"../../../../../../Users/harri/Desktop/GJLFall2021/GJLFall2021/Content/Assets/Ball/Sprite/7PQe-8_Sprite.uasset" 153
"../../../../../../Users/harri/Desktop/GJLFall2021/GJLFall2021/Content/Assets/Ball/Texture/7PQe-7.uasset" 154
"../../../../../../Users/harri/Desktop/GJLFall2021/GJLFall2021/Content/Assets/Ball/Sprite/7PQe-7_Sprite.uasset" 155
"../../../../../../Users/harri/Desktop/GJLFall2021/GJLFall2021/Content/Assets/Ball/Texture/7PQe-6.uasset" 156
"../../../../../../Users/harri/Desktop/GJLFall2021/GJLFall2021/Content/Assets/Ball/Sprite/7PQe-6_Sprite.uasset" 157
"../../../../../../Users/harri/Desktop/GJLFall2021/GJLFall2021/Content/Assets/Ball/Texture/7PQe-5.uasset" 158
"../../../../../../Users/harri/Desktop/GJLFall2021/GJLFall2021/Content/Assets/Ball/Sprite/7PQe-5_Sprite.uasset" 159
"../../../../../../Users/harri/Desktop/GJLFall2021/GJLFall2021/Content/Assets/Ball/Texture/7PQe-4.uasset" 160
"../../../../../../Users/harri/Desktop/GJLFall2021/GJLFall2021/Content/Assets/Ball/Sprite/7PQe-4_Sprite.uasset" 161
"../../../../../../Users/harri/Desktop/GJLFall2021/GJLFall2021/Content/Assets/Ball/Texture/7PQe-3.uasset" 162
"../../../../../../Users/harri/Desktop/GJLFall2021/GJLFall2021/Content/Assets/Ball/Sprite/7PQe-3_Sprite.uasset" 163
"../../../../../../Users/harri/Desktop/GJLFall2021/GJLFall2021/Content/Assets/Ball/Texture/7PQe-2.uasset" 164
"../../../../../../Users/harri/Desktop/GJLFall2021/GJLFall2021/Content/Assets/Ball/Sprite/7PQe-2_Sprite.uasset" 165
"../../../../../../Users/harri/Desktop/GJLFall2021/GJLFall2021/Content/Assets/Ball/Texture/7PQe-11.uasset" 166
"../../../../../../Users/harri/Desktop/GJLFall2021/GJLFall2021/Content/Assets/Ball/Sprite/7PQe-11_Sprite.uasset" 167
"../../../../../../Users/harri/Desktop/GJLFall2021/GJLFall2021/Content/Assets/Ball/Texture/7PQe-10.uasset" 168
"../../../../../../Users/harri/Desktop/GJLFall2021/GJLFall2021/Content/Assets/Ball/Sprite/7PQe-10_Sprite.uasset" 169
"../../../../../../Users/harri/Desktop/GJLFall2021/GJLFall2021/Content/Animations/7PQe.uasset" 170
"../../../../../../Users/harri/Desktop/GJLFall2021/GJLFall2021/Content/BluePrints/LightBalbEnum.uasset" 171
"../../../../../../Users/harri/Desktop/GJLFall2021/GJLFall2021/Content/Assets/EnemyBoss/JBOT-all_animations-Sheet_01_Sprite_9.uasset" 172
"../../../../../../Users/harri/Desktop/GJLFall2021/GJLFall2021/Content/Assets/EnemyBoss/JBOT-all_animations-Sheet_01_Sprite_8.uasset" 173
"../../../../../../Users/harri/Desktop/GJLFall2021/GJLFall2021/Content/Assets/EnemyBoss/JBOT-all_animations-Sheet_01_Sprite_63.uasset" 174
"../../../../../../Users/harri/Desktop/GJLFall2021/GJLFall2021/Content/Assets/EnemyBoss/JBOT-all_animations-Sheet_01_Sprite_62.uasset" 175
"../../../../../../Users/harri/Desktop/GJLFall2021/GJLFall2021/Content/Assets/EnemyBoss/JBOT-all_animations-Sheet_01_Sprite_61.uasset" 176
"../../../../../../Users/harri/Desktop/GJLFall2021/GJLFall2021/Content/Assets/EnemyBoss/JBOT-all_animations-Sheet_01_Sprite_60.uasset" 177
"../../../../../../Users/harri/Desktop/GJLFall2021/GJLFall2021/Content/Assets/EnemyBoss/JBOT-all_animations-Sheet_01_Sprite_59.uasset" 178
"../../../../../../Users/harri/Desktop/GJLFall2021/GJLFall2021/Content/Assets/EnemyBoss/JBOT-all_animations-Sheet_01_Sprite_58.uasset" 179
"../../../../../../Users/harri/Desktop/GJLFall2021/GJLFall2021/Content/Assets/EnemyBoss/JBOT-all_animations-Sheet_01_Sprite_57.uasset" 180
"../../../../../../Users/harri/Desktop/GJLFall2021/GJLFall2021/Content/Assets/EnemyBoss/JBOT-all_animations-Sheet_01_Sprite_56.uasset" 181
"../../../../../../Users/harri/Desktop/GJLFall2021/GJLFall2021/Content/Assets/EnemyBoss/JBOT-all_animations-Sheet_01_Sprite_50.uasset" 182
"../../../../../../Users/harri/Desktop/GJLFall2021/GJLFall2021/Content/Assets/EnemyBoss/JBOT-all_animations-Sheet_01_Sprite_49.uasset" 183
"../../../../../../Users/harri/Desktop/GJLFall2021/GJLFall2021/Content/Assets/EnemyBoss/JBOT-all_animations-Sheet_01_Sprite_48.uasset" 184
"../../../../../../Users/harri/Desktop/GJLFall2021/GJLFall2021/Content/Assets/EnemyBoss/JBOT-all_animations-Sheet_01_Sprite_36.uasset" 185
"../../../../../../Users/harri/Desktop/GJLFall2021/GJLFall2021/Content/Assets/EnemyBoss/JBOT-all_animations-Sheet_01_Sprite_15.uasset" 186
"../../../../../../Users/harri/Desktop/GJLFall2021/GJLFall2021/Content/Assets/EnemyBoss/JBOT-all_animations-Sheet_01_Sprite_0.uasset" 187
"../../../../../../Users/harri/Desktop/GJLFall2021/GJLFall2021/Content/Assets/EnemyBoss/Spawn.uasset" 188
"../../../../../../Users/harri/Desktop/GJLFall2021/GJLFall2021/Content/Sounds/Text_1.uasset" 189
"../../../../../../Users/harri/Desktop/GJLFall2021/GJLFall2021/Content/Fonts/m5x7.uasset" 190
"../../../../../../Users/harri/Desktop/GJLFall2021/GJLFall2021/Content/Fonts/m5x7_Font.uasset" 191
"../../../../../../Users/harri/Desktop/GJLFall2021/GJLFall2021/Content/UI/DialogueIU.uasset" 192
"../../../Engine/Content/EditorBlueprintResources/StandardMacros.uasset" 193
"../../../../../../Users/harri/Desktop/GJLFall2021/GJLFall2021/Content/Assets/UIAssets/RobotBallGreen.uasset" 194
"../../../../../../Users/harri/Desktop/GJLFall2021/GJLFall2021/Content/Assets/UIAssets/RobotBallDefault.uasset" 195
"../../../../../../Users/harri/Desktop/GJLFall2021/GJLFall2021/Content/Assets/UIAssets/RobotBallBlue.uasset" 196
"../../../../../../Users/harri/Desktop/GJLFall2021/GJLFall2021/Content/UI/LightBalbSelector.uasset" 197
"../../../../../../Users/harri/Desktop/GJLFall2021/GJLFall2021/Content/BluePrints/PlayerStateEnum.uasset" 198
"../../../Engine/Content/EngineMaterials/T_Default_Material_Grid_N.uasset" 199
"../../../Engine/Content/EngineMaterials/T_Default_Material_Grid_M.uasset" 200
"../../../Engine/Content/Functions/Engine_MaterialFunctions01/Opacity/CameraDepthFade.uasset" 201
"../../../Engine/Content/EngineMaterials/WorldGridMaterial.uasset" 202
"../../../Engine/Content/BasicShapes/Plane.uasset" 203
"../../../../../../Users/harri/Desktop/GJLFall2021/GJLFall2021/Content/Assets/BlackMat.uasset" 204
"../../../../../../Users/harri/Desktop/GJLFall2021/GJLFall2021/Content/BluePrints/Darkness.uasset" 205
"../../../../../../Users/harri/Desktop/GJLFall2021/GJLFall2021/Content/Assets/PlayerAssets/Run/itch_run-Sheet_sheet.uasset" 206
"../../../../../../Users/harri/Desktop/GJLFall2021/GJLFall2021/Content/Assets/PlayerAssets/Run/itch_run-Sheet_sheet_Sprite_9.uasset" 207
"../../../../../../Users/harri/Desktop/GJLFall2021/GJLFall2021/Content/Assets/PlayerAssets/Run/itch_run-Sheet_sheet_Sprite_7.uasset" 208
"../../../../../../Users/harri/Desktop/GJLFall2021/GJLFall2021/Content/Assets/PlayerAssets/Run/itch_run-Sheet_sheet_Sprite_6.uasset" 209
"../../../../../../Users/harri/Desktop/GJLFall2021/GJLFall2021/Content/Assets/PlayerAssets/Run/itch_run-Sheet_sheet_Sprite_5.uasset" 210
"../../../../../../Users/harri/Desktop/GJLFall2021/GJLFall2021/Content/Assets/PlayerAssets/Run/itch_run-Sheet_sheet_Sprite_4.uasset" 211
"../../../../../../Users/harri/Desktop/GJLFall2021/GJLFall2021/Content/Assets/PlayerAssets/Run/itch_run-Sheet_sheet_Sprite_3.uasset" 212
"../../../../../../Users/harri/Desktop/GJLFall2021/GJLFall2021/Content/Assets/PlayerAssets/Run/itch_run-Sheet_sheet_Sprite_23.uasset" 213
"../../../../../../Users/harri/Desktop/GJLFall2021/GJLFall2021/Content/Assets/PlayerAssets/Run/itch_run-Sheet_sheet_Sprite_22.uasset" 214
"../../../../../../Users/harri/Desktop/GJLFall2021/GJLFall2021/Content/Assets/PlayerAssets/Run/itch_run-Sheet_sheet_Sprite_21.uasset" 215
"../../../../../../Users/harri/Desktop/GJLFall2021/GJLFall2021/Content/Assets/PlayerAssets/Run/itch_run-Sheet_sheet_Sprite_20.uasset" 216
"../../../../../../Users/harri/Desktop/GJLFall2021/GJLFall2021/Content/Assets/PlayerAssets/Run/itch_run-Sheet_sheet_Sprite_2.uasset" 217
"../../../../../../Users/harri/Desktop/GJLFall2021/GJLFall2021/Content/Assets/PlayerAssets/Run/itch_run-Sheet_sheet_Sprite_19.uasset" 218
"../../../../../../Users/harri/Desktop/GJLFall2021/GJLFall2021/Content/Assets/PlayerAssets/Run/itch_run-Sheet_sheet_Sprite_18.uasset" 219
"../../../../../../Users/harri/Desktop/GJLFall2021/GJLFall2021/Content/Assets/PlayerAssets/Run/itch_run-Sheet_sheet_Sprite_17.uasset" 220
"../../../../../../Users/harri/Desktop/GJLFall2021/GJLFall2021/Content/Assets/PlayerAssets/Run/itch_run-Sheet_sheet_Sprite_16.uasset" 221
"../../../../../../Users/harri/Desktop/GJLFall2021/GJLFall2021/Content/Assets/PlayerAssets/Run/itch_run-Sheet_sheet_Sprite_15.uasset" 222
"../../../../../../Users/harri/Desktop/GJLFall2021/GJLFall2021/Content/Assets/PlayerAssets/Run/itch_run-Sheet_sheet_Sprite_14.uasset" 223
"../../../../../../Users/harri/Desktop/GJLFall2021/GJLFall2021/Content/Assets/PlayerAssets/Run/itch_run-Sheet_sheet_Sprite_13.uasset" 224
"../../../../../../Users/harri/Desktop/GJLFall2021/GJLFall2021/Content/Assets/PlayerAssets/Run/itch_run-Sheet_sheet_Sprite_12.uasset" 225
"../../../../../../Users/harri/Desktop/GJLFall2021/GJLFall2021/Content/Assets/PlayerAssets/Run/itch_run-Sheet_sheet_Sprite_8.uasset" 226
"../../../../../../Users/harri/Desktop/GJLFall2021/GJLFall2021/Content/Assets/PlayerAssets/Run/itch_run-Sheet_sheet_Sprite_11.uasset" 227
"../../../../../../Users/harri/Desktop/GJLFall2021/GJLFall2021/Content/Assets/PlayerAssets/Run/itch_run-Sheet_sheet_Sprite_10.uasset" 228
"../../../../../../Users/harri/Desktop/GJLFall2021/GJLFall2021/Content/Assets/PlayerAssets/Run/itch_run-Sheet_sheet_Sprite_1.uasset" 229
"../../../../../../Users/harri/Desktop/GJLFall2021/GJLFall2021/Content/Assets/PlayerAssets/Run/itch_run-Sheet_sheet_Sprite_0.uasset" 230
"../../../../../../Users/harri/Desktop/GJLFall2021/GJLFall2021/Content/Animations/PlayerAnims/Run.uasset" 231
"../../../../../../Users/harri/Desktop/GJLFall2021/GJLFall2021/Content/Assets/PlayerAssets/Jump/itch_jump_sheet-Sheet.uasset" 232
"../../../../../../Users/harri/Desktop/GJLFall2021/GJLFall2021/Content/Assets/PlayerAssets/Jump/itch_jump_sheet-Sheet_Sprite_9.uasset" 233
"../../../../../../Users/harri/Desktop/GJLFall2021/GJLFall2021/Content/Assets/PlayerAssets/Jump/itch_jump_sheet-Sheet_Sprite_8.uasset" 234
"../../../../../../Users/harri/Desktop/GJLFall2021/GJLFall2021/Content/Assets/PlayerAssets/Jump/itch_jump_sheet-Sheet_Sprite_7.uasset" 235
"../../../../../../Users/harri/Desktop/GJLFall2021/GJLFall2021/Content/Assets/PlayerAssets/Jump/itch_jump_sheet-Sheet_Sprite_6.uasset" 236
"../../../../../../Users/harri/Desktop/GJLFall2021/GJLFall2021/Content/Assets/PlayerAssets/Jump/itch_jump_sheet-Sheet_Sprite_5.uasset" 237
"../../../../../../Users/harri/Desktop/GJLFall2021/GJLFall2021/Content/Assets/PlayerAssets/Jump/itch_jump_sheet-Sheet_Sprite_4.uasset" 238
"../../../../../../Users/harri/Desktop/GJLFall2021/GJLFall2021/Content/Assets/PlayerAssets/Jump/itch_jump_sheet-Sheet_Sprite_3.uasset" 239
"../../../../../../Users/harri/Desktop/GJLFall2021/GJLFall2021/Content/Assets/PlayerAssets/Jump/itch_jump_sheet-Sheet_Sprite_2.uasset" 240
"../../../../../../Users/harri/Desktop/GJLFall2021/GJLFall2021/Content/Assets/PlayerAssets/Jump/itch_jump_sheet-Sheet_Sprite_18.uasset" 241
"../../../../../../Users/harri/Desktop/GJLFall2021/GJLFall2021/Content/Assets/PlayerAssets/Jump/itch_jump_sheet-Sheet_Sprite_17.uasset" 242
"../../../../../../Users/harri/Desktop/GJLFall2021/GJLFall2021/Content/Assets/PlayerAssets/Jump/itch_jump_sheet-Sheet_Sprite_16.uasset" 243
"../../../../../../Users/harri/Desktop/GJLFall2021/GJLFall2021/Content/Assets/PlayerAssets/Jump/itch_jump_sheet-Sheet_Sprite_15.uasset" 244
"../../../../../../Users/harri/Desktop/GJLFall2021/GJLFall2021/Content/Assets/PlayerAssets/Jump/itch_jump_sheet-Sheet_Sprite_14.uasset" 245
"../../../../../../Users/harri/Desktop/GJLFall2021/GJLFall2021/Content/Assets/PlayerAssets/Jump/itch_jump_sheet-Sheet_Sprite_13.uasset" 246
"../../../../../../Users/harri/Desktop/GJLFall2021/GJLFall2021/Content/Assets/PlayerAssets/Jump/itch_jump_sheet-Sheet_Sprite_12.uasset" 247
"../../../../../../Users/harri/Desktop/GJLFall2021/GJLFall2021/Content/Assets/PlayerAssets/Jump/itch_jump_sheet-Sheet_Sprite_11.uasset" 248
"../../../../../../Users/harri/Desktop/GJLFall2021/GJLFall2021/Content/Assets/PlayerAssets/Jump/itch_jump_sheet-Sheet_Sprite_10.uasset" 249
"../../../../../../Users/harri/Desktop/GJLFall2021/GJLFall2021/Content/Assets/PlayerAssets/Jump/itch_jump_sheet-Sheet_Sprite_1.uasset" 250
"../../../../../../Users/harri/Desktop/GJLFall2021/GJLFall2021/Content/Assets/PlayerAssets/Jump/itch_jump_sheet-Sheet_Sprite_0.uasset" 251
"../../../../../../Users/harri/Desktop/GJLFall2021/GJLFall2021/Content/Animations/PlayerAnims/Jump.uasset" 252
"../../../../../../Users/harri/Desktop/GJLFall2021/GJLFall2021/Content/Assets/PlayerAssets/Idle/idle_sheet-Sheet.uasset" 253
"../../../../../../Users/harri/Desktop/GJLFall2021/GJLFall2021/Content/Assets/PlayerAssets/Idle/idle_sheet-Sheet_Sprite_9.uasset" 254
"../../../../../../Users/harri/Desktop/GJLFall2021/GJLFall2021/Content/Assets/PlayerAssets/Idle/idle_sheet-Sheet_Sprite_8.uasset" 255
"../../../../../../Users/harri/Desktop/GJLFall2021/GJLFall2021/Content/Assets/PlayerAssets/Idle/idle_sheet-Sheet_Sprite_7.uasset" 256
"../../../../../../Users/harri/Desktop/GJLFall2021/GJLFall2021/Content/Assets/PlayerAssets/Idle/idle_sheet-Sheet_Sprite_6.uasset" 257
"../../../../../../Users/harri/Desktop/GJLFall2021/GJLFall2021/Content/Assets/PlayerAssets/Idle/idle_sheet-Sheet_Sprite_5.uasset" 258
"../../../../../../Users/harri/Desktop/GJLFall2021/GJLFall2021/Content/Assets/PlayerAssets/Idle/idle_sheet-Sheet_Sprite_4.uasset" 259
"../../../../../../Users/harri/Desktop/GJLFall2021/GJLFall2021/Content/Assets/PlayerAssets/Idle/idle_sheet-Sheet_Sprite_3.uasset" 260
"../../../../../../Users/harri/Desktop/GJLFall2021/GJLFall2021/Content/Assets/PlayerAssets/Idle/idle_sheet-Sheet_Sprite_2.uasset" 261
"../../../../../../Users/harri/Desktop/GJLFall2021/GJLFall2021/Content/Assets/PlayerAssets/Idle/idle_sheet-Sheet_Sprite_18.uasset" 262
"../../../../../../Users/harri/Desktop/GJLFall2021/GJLFall2021/Content/Assets/PlayerAssets/Idle/idle_sheet-Sheet_Sprite_17.uasset" 263
"../../../../../../Users/harri/Desktop/GJLFall2021/GJLFall2021/Content/Assets/PlayerAssets/Idle/idle_sheet-Sheet_Sprite_16.uasset" 264
"../../../../../../Users/harri/Desktop/GJLFall2021/GJLFall2021/Content/Assets/PlayerAssets/Idle/idle_sheet-Sheet_Sprite_15.uasset" 265
"../../../../../../Users/harri/Desktop/GJLFall2021/GJLFall2021/Content/Assets/PlayerAssets/Idle/idle_sheet-Sheet_Sprite_14.uasset" 266
"../../../../../../Users/harri/Desktop/GJLFall2021/GJLFall2021/Content/Assets/PlayerAssets/Idle/idle_sheet-Sheet_Sprite_12.uasset" 267
"../../../../../../Users/harri/Desktop/GJLFall2021/GJLFall2021/Content/Assets/PlayerAssets/Idle/idle_sheet-Sheet_Sprite_11.uasset" 268
"../../../../../../Users/harri/Desktop/GJLFall2021/GJLFall2021/Content/Assets/PlayerAssets/Idle/idle_sheet-Sheet_Sprite_10.uasset" 269
"../../../../../../Users/harri/Desktop/GJLFall2021/GJLFall2021/Content/Assets/PlayerAssets/Idle/idle_sheet-Sheet_Sprite_1.uasset" 270
"../../../../../../Users/harri/Desktop/GJLFall2021/GJLFall2021/Content/Assets/PlayerAssets/Idle/idle_sheet-Sheet_Sprite_0.uasset" 271
"../../../../../../Users/harri/Desktop/GJLFall2021/GJLFall2021/Content/Animations/PlayerAnims/Idle.uasset" 272
"../../../../../../Users/harri/Desktop/GJLFall2021/GJLFall2021/Content/BluePrints/Player.uasset" 273
"../../../../../../Users/harri/Desktop/GJLFall2021/GJLFall2021/Content/Assets/EnemyBoss/JBOT-all_animations-Sheet_01_Sprite_6.uasset" 274
"../../../../../../Users/harri/Desktop/GJLFall2021/GJLFall2021/Content/Assets/EnemyBoss/JBOT-all_animations-Sheet_01_Sprite_5.uasset" 275
"../../../../../../Users/harri/Desktop/GJLFall2021/GJLFall2021/Content/Assets/EnemyBoss/JBOT-all_animations-Sheet_01_Sprite_4.uasset" 276
"../../../../../../Users/harri/Desktop/GJLFall2021/GJLFall2021/Content/Assets/EnemyBoss/JBOT-all_animations-Sheet_01_Sprite_3.uasset" 277
"../../../../../../Users/harri/Desktop/GJLFall2021/GJLFall2021/Content/Assets/EnemyBoss/JBOT-all_animations-Sheet_01_Sprite_2.uasset" 278
"../../../../../../Users/harri/Desktop/GJLFall2021/GJLFall2021/Content/Assets/EnemyBoss/JBOT-all_animations-Sheet_01_Sprite_1.uasset" 279
"../../../../../../Users/harri/Desktop/GJLFall2021/GJLFall2021/Content/Animations/Idle.uasset" 280
"../../../../../../Users/harri/Desktop/GJLFall2021/GJLFall2021/Content/BluePrints/BadGuy.uasset" 281
"../../../../../../Users/harri/Desktop/GJLFall2021/GJLFall2021/Content/Assets/Shape_Cube.uasset" 282
"../../../../../../Users/harri/Desktop/GJLFall2021/GJLFall2021/Content/BluePrints/LightBalb.uasset" 283
"../../../../../../Users/harri/Desktop/GJLFall2021/GJLFall2021/Content/Assets/Key/Tileset_Items_Sprite_9.uasset" 284
"../../../../../../Users/harri/Desktop/GJLFall2021/GJLFall2021/Content/Assets/Key/Tileset_Items_Sprite_8.uasset" 285
"../../../../../../Users/harri/Desktop/GJLFall2021/GJLFall2021/Content/Assets/Key/Tileset_Items_Sprite_7.uasset" 286
"../../../../../../Users/harri/Desktop/GJLFall2021/GJLFall2021/Content/Assets/Key/Tileset_Items_Sprite_14.uasset" 287
"../../../../../../Users/harri/Desktop/GJLFall2021/GJLFall2021/Content/Assets/Key/Tileset_Items_Sprite_13.uasset" 288
"../../../../../../Users/harri/Desktop/GJLFall2021/GJLFall2021/Content/Assets/Key/Tileset_Items_Sprite_12.uasset" 289
"../../../../../../Users/harri/Desktop/GJLFall2021/GJLFall2021/Content/Assets/Key/Tileset_Items_Sprite_11.uasset" 290
"../../../../../../Users/harri/Desktop/GJLFall2021/GJLFall2021/Content/Assets/Key/Tileset_Items_Sprite_10.uasset" 291
"../../../../../../Users/harri/Desktop/GJLFall2021/GJLFall2021/Content/Animations/Key.uasset" 292
"../../../../../../Users/harri/Desktop/GJLFall2021/GJLFall2021/Content/BluePrints/Key.uasset" 293
"../../../../../../Users/harri/Desktop/GJLFall2021/GJLFall2021/Content/Assets/Lock/Tileset_Items_Sprite_6.uasset" 294
"../../../../../../Users/harri/Desktop/GJLFall2021/GJLFall2021/Content/Animations/OpenLock.uasset" 295
"../../../../../../Users/harri/Desktop/GJLFall2021/GJLFall2021/Content/Assets/Lock/Tileset_Items_Sprite_5.uasset" 296
"../../../../../../Users/harri/Desktop/GJLFall2021/GJLFall2021/Content/Assets/Lock/Tileset_Items_Sprite_4.uasset" 297
"../../../../../../Users/harri/Desktop/GJLFall2021/GJLFall2021/Content/Assets/Lock/Tileset_Items_Sprite_3.uasset" 298
"../../../../../../Users/harri/Desktop/GJLFall2021/GJLFall2021/Content/Assets/Lock/Tileset_Items_Sprite_2.uasset" 299
"../../../../../../Users/harri/Desktop/GJLFall2021/GJLFall2021/Content/Assets/Lock/Tileset_Items_Sprite_1.uasset" 300
"../../../../../../Users/harri/Desktop/GJLFall2021/GJLFall2021/Content/Animations/OpeningLock.uasset" 301
"../../../../../../Users/harri/Desktop/GJLFall2021/GJLFall2021/Content/BluePrints/Lock.uasset" 302
"../../../../../../Users/harri/Desktop/GJLFall2021/GJLFall2021/Content/BluePrints/Camera.uasset" 303
"../../../../../../Users/harri/Desktop/GJLFall2021/GJLFall2021/Content/Cinematics/Sequences/RecordedSequence/RecordedSequence.uasset" 304
"../../../../../../Users/harri/Desktop/GJLFall2021/GJLFall2021/Content/Fonts/NewFont.uasset" 305
"../../../Engine/Content/ArtTools/RenderToTexture/Meshes/S_1_Unit_Plane.uasset" 306
"../../../Engine/Content/EngineMaterials/DefaultMaterial.uasset" 307
"../../../Engine/Content/BasicShapes/Cone.uasset" 308
"../../../Engine/Content/BasicShapes/Sphere.uasset" 309
"../../../Engine/Content/EditorLandscapeResources/DataLayer.uasset" 310
"../../../Engine/Content/EditorLandscapeResources/DefaultAlphaTexture.uasset" 311
"../../../Engine/Content/EditorMaterials/MAT_Groups_Toggle.uasset" 312
"../../../Engine/Content/EditorMaterials/MAT_Groups_Visibility.uasset" 313
"../../../Engine/Content/EditorMaterials/PreviewShadowIndicator.uasset" 314
"../../../Engine/Content/EditorMaterials/PreviewShadowIndicatorMaterial.uasset" 315
"../../../Engine/Content/EditorMaterials/MatineeGroups/MAT_ColorTrack.uasset" 316
"../../../Engine/Content/EditorMaterials/MatineeGroups/MAT_Groups_Anim.uasset" 317
"../../../Engine/Content/EditorMaterials/MatineeGroups/MAT_Groups_AudioMaster.uasset" 318
"../../../Engine/Content/EditorMaterials/MatineeGroups/MAT_Groups_Director.uasset" 319
"../../../Engine/Content/EditorMaterials/MatineeGroups/MAT_Groups_Event.uasset" 320
"../../../Engine/Content/EditorMaterials/MatineeGroups/MAT_Groups_Fade.uasset" 321
"../../../Engine/Content/EditorMaterials/MatineeGroups/MAT_Groups_Float.uasset" 322
"../../../Engine/Content/EditorMaterials/MatineeGroups/MAT_Groups_Move.uasset" 323
"../../../Engine/Content/EditorMaterials/MatineeGroups/MAT_Groups_Slomo.uasset" 324
"../../../Engine/Content/EditorMaterials/MatineeGroups/MAT_Groups_Sound.uasset" 325
"../../../Engine/Content/EditorMaterials/MatineeGroups/MAT_Groups_Vector.uasset" 326
"../../../Engine/Content/EditorMaterials/ParticleSystems/PSysThumbnail_NoImage.uasset" 327
"../../../Engine/Content/EditorMaterials/ParticleSystems/PSysThumbnail_OOD.uasset" 328
"../../../Engine/Content/EditorMaterials/Camera/CineMat.uasset" 329
"../../../Engine/Content/EditorMaterials/Camera/MI_CineMat_Rig.uasset" 330
"../../../Engine/Content/EditorMeshes/Camera/SM_CraneRig_Arm.uasset" 331
"../../../Engine/Content/EditorMeshes/Camera/SM_CraneRig_Base.uasset" 332
"../../../Engine/Content/EditorMeshes/Camera/SM_CraneRig_Body.uasset" 333
"../../../Engine/Content/EditorMeshes/Camera/SM_CraneRig_Mount.uasset" 334
"../../../Engine/Content/EditorMeshes/Camera/SM_RailRig_Mount.uasset" 335
"../../../Engine/Content/EditorMeshes/Camera/SM_RailRig_Track.uasset" 336
"../../../Engine/Content/EditorResources/BSPVertex.uasset" 337
"../../../Engine/Content/EditorResources/EmptyActor.uasset" 338
"../../../Engine/Content/EditorResources/S_Actor.uasset" 339
"../../../Engine/Content/EditorResources/S_Note.uasset" 340
"../../../Engine/Content/EditorResources/S_Solver.uasset" 341
"../../../Engine/Content/EditorResources/S_Terrain.uasset" 342
"../../../Engine/Content/EditorResources/S_Trigger.uasset" 343
"../../../Engine/Content/EditorResources/SequenceRecorder/Countdown.uasset" 344
"../../../Engine/Content/EditorResources/SequenceRecorder/RecordingIndicator.uasset" 345
"../../../Engine/Content/EngineDamageTypes/DmgTypeBP_Environmental.uasset" 346
"../../../Engine/Content/EngineDebugMaterials/DebugEditorMaterial.uasset" 347
"../../../Engine/Content/EngineDebugMaterials/DebugMeshMaterial.uasset" 348
"../../../Engine/Content/EngineDebugMaterials/M_SimpleUnlitTranslucent.uasset" 349
"../../../Engine/Content/EngineDebugMaterials/VolumeToRender.uasset" 350
"../../../Engine/Content/Functions/Engine_MaterialFunctions02/Utility/CameraDirectionVector.uasset" 351
"../../../Engine/Content/EngineDebugMaterials/M_VolumeRenderSphereTracePP.uasset" 352
"../../../Engine/Content/Functions/Engine_MaterialFunctions01/Shading/ConvertFromDiffSpec.uasset" 353
"../../../Engine/Content/EngineDebugMaterials/VertexColorMaterial.uasset" 354
"../../../Engine/Content/EngineDebugMaterials/WireframeMaterial.uasset" 355
"../../../Engine/Content/EngineFonts/Faces/RobotoRegular.uasset" 356
"../../../Engine/Content/EngineFonts/Faces/RobotoLight.uasset" 357
"../../../Engine/Content/EngineFonts/Faces/RobotoItalic.uasset" 358
"../../../Engine/Content/EngineFonts/Faces/RobotoBoldItalic.uasset" 359
"../../../Engine/Content/EngineFonts/Faces/RobotoBold.uasset" 360
"../../../Engine/Content/EngineFonts/Faces/DroidSansFallback.uasset" 361
"../../../Engine/Content/EngineFonts/Roboto.uasset" 362
"../../../Engine/Content/EngineMaterials/BaseFlattenNormalMap.uasset" 363
"../../../Engine/Content/EngineMaterials/BaseFlattenGrayscaleMap.uasset" 364
"../../../Engine/Content/EngineMaterials/BaseFlattenEmissiveMap.uasset" 365
"../../../Engine/Content/EngineMaterials/BaseFlattenDiffuseMap.uasset" 366
"../../../Engine/Content/EngineMaterials/BaseFlattenMaterial.uasset" 367
"../../../Engine/Content/EngineMaterials/BlueNoise.uasset" 368
"../../../Engine/Content/EngineMaterials/DefaultBloomKernel.uasset" 369
"../../../Engine/Content/EngineMaterials/DefaultBokeh.uasset" 370
"../../../Engine/Content/EngineMaterials/DefaultDiffuse.uasset" 371
"../../../Engine/Content/EngineMaterials/DefaultDeferredDecalMaterial.uasset" 372
"../../../Engine/Content/EngineMaterials/DefaultLightFunctionMaterial.uasset" 373
"../../../Engine/Content/EngineMaterials/DefaultPhysicalMaterial.uasset" 374
"../../../Engine/Content/Functions/Engine_MaterialFunctions02/Utility/BreakOutFloat2Components.uasset" 375
"../../../Engine/Content/EngineMaterials/DefaultPostProcessMaterial.uasset" 376
"../../../Engine/Content/EngineFonts/RobotoDistanceField.uasset" 377
"../../../Engine/Content/EngineMaterials/DefaultTextMaterialOpaque.uasset" 378
"../../../Engine/Content/EngineMaterials/DefaultWhiteGrid.uasset" 379
"../../../Engine/Content/EngineMaterials/DefaultWhiteGrid_Low.uasset" 380
"../../../Engine/Content/EngineMaterials/EmissiveMeshMaterial.uasset" 381
"../../../Engine/Content/EngineMaterials/GizmoMaterial.uasset" 382
"../../../Engine/Content/EngineMaterials/Good64x64TilingNoiseHighFreq.uasset" 383
"../../../Engine/Content/EngineMaterials/MiniFont.uasset" 384
"../../../Engine/Content/EngineMaterials/InvalidLightmapSettings.uasset" 385
"../../../Engine/Content/EngineMaterials/M_InvalidLightmapSettings.uasset" 386
"../../../Engine/Content/Functions/Engine_MaterialFunctions02/WorldPositionOffset/CameraOffset.uasset" 387
"../../../Engine/Content/EngineMaterials/PhAT_JointLimitMaterial.uasset" 388
"../../../Engine/Content/EngineMaterials/PreintegratedSkinBRDF.uasset" 389
"../../../Engine/Content/EngineMaterials/RemoveSurfaceMaterial.uasset" 390
"../../../Engine/Content/EngineMaterials/WeightMapPlaceholderTexture.uasset" 391
"../../../Engine/Content/EngineResources/WhiteSquareTexture.uasset" 392
"../../../Engine/Content/EngineMaterials/Widget3DPassThrough.uasset" 393
"../../../Engine/Content/EngineMaterials/Widget3DPassThrough_Masked.uasset" 394
"../../../Engine/Content/EngineMaterials/Widget3DPassThrough_Opaque.uasset" 395
"../../../Engine/Content/EngineMaterials/Widget3DPassThrough_Masked_OneSided.uasset" 396
"../../../Engine/Content/EngineMaterials/Widget3DPassThrough_Opaque_OneSided.uasset" 397
"../../../Engine/Content/EngineMaterials/Widget3DPassThrough_Translucent.uasset" 398
"../../../Engine/Content/EngineMaterials/Widget3DPassThrough_Translucent_OneSided.uasset" 399
"../../../Engine/Content/EngineMeshes/Cylinder.uasset" 400
"../../../Engine/Content/EngineMeshes/Sphere.uasset" 401
"../../../Engine/Content/EngineResources/Black.uasset" 402
"../../../Engine/Content/EngineResources/DefaultTextureCube.uasset" 403
"../../../Engine/Content/EngineResources/DefaultVolumeTexture2D.uasset" 404
"../../../Engine/Content/EngineResources/DefaultVolumeTexture.uasset" 405
"../../../Engine/Content/EngineResources/GradientTexture0.uasset" 406
"../../../Engine/Content/EngineSky/VolumetricClouds/T_NoiseShape64.uasset" 407
"../../../Engine/Content/EngineSky/VolumetricClouds/T_VolumeNoiseShape64.uasset" 408
"../../../Engine/Content/EngineSky/VolumetricClouds/T_NoiseErosion.uasset" 409
"../../../Engine/Content/EngineSky/VolumetricClouds/T_VolumeNoiseErosion32.uasset" 410
"../../../Engine/Content/EngineSky/VolumetricClouds/CloudWeatherTexture.uasset" 411
"../../../Engine/Content/EngineSky/VolumetricClouds/CloudGradientTexture.uasset" 412
"../../../Engine/Content/Functions/Engine_MaterialFunctions02/Utility/MakeFloat2.uasset" 413
"../../../Engine/Content/EngineSky/VolumetricClouds/m_SimpleVolumetricCloud.uasset" 414
"../../../Engine/Content/EngineSky/VolumetricClouds/m_SimpleVolumetricCloud_Inst.uasset" 415
"../../../Engine/Content/EngineSounds/Master.uasset" 416
"../../../Engine/Content/Functions/Engine_MaterialFunctions01/Shading/PowerToRoughness.uasset" 417
"../../../Engine/Content/Maps/Templates/Thumbnails/Default.uasset" 418
"../../../Engine/Content/Maps/Templates/Thumbnails/TimeOfDay.uasset" 419
"../../../Engine/Content/Maps/Templates/Thumbnails/VR-Basic.uasset" 420
"../../../Engine/Content/MobileResources/T_MobileControls_texture.uasset" 421
"../../../Engine/Content/MobileResources/T_MobileMenu2.uasset" 422
"../../../Engine/Content/MobileResources/HUD/AnalogHat.uasset" 423
"../../../Engine/Content/MobileResources/HUD/VirtualJoystick_Thumb.uasset" 424
"../../../Engine/Content/MobileResources/HUD/VirtualJoystick_Background.uasset" 425
"../../../Engine/Content/MobileResources/HUD/DefaultVirtualJoysticks.uasset" 426
"../../../Engine/Content/MobileResources/HUD/LeftVirtualJoystickOnly.uasset" 427
"../../../Engine/Content/MobileResources/HUD/MobileHUDButton1_off.uasset" 428
"../../../Engine/Content/MobileResources/HUD/MobileHUDButton1_on.uasset" 429
"../../../Engine/Content/MobileResources/HUD/MobileHUDButton2_off.uasset" 430
"../../../Engine/Content/MobileResources/HUD/MobileHUDButton2_on.uasset" 431
"../../../Engine/Content/MobileResources/HUD/MobileHUDButton3.uasset" 432
"../../../Engine/Content/MobileResources/HUD/MobileHUDButtonFire.uasset" 433
"../../../Engine/Content/MobileResources/HUD/MobileHUDDirectionPad.uasset" 434
"../../../Engine/Content/MobileResources/HUD/MobileHUDDirectionPad2.uasset" 435
"../../../Engine/Content/MobileResources/HUD/MobileHUDDirectionPad3.uasset" 436
"../../../Engine/Content/MobileResources/HUD/MobileHUDDirectionStick.uasset" 437
"../../../Engine/Content/MobileResources/HUD/T_Castle_ThumbstickInner.uasset" 438
"../../../Engine/Content/MobileResources/HUD/T_Castle_ThumbstickOutter.uasset" 439
"../../../Engine/Content/Tutorial/ContentIntroCurve.uasset" 440
"../../../Engine/Content/Tutorial/Basics/LevelEditorAttract.uasset" 441
"../../../Engine/Content/Tutorial/Basics/TutorialAssets/icon_tab_Levels_40x.uasset" 442
"../../../Engine/Content/Tutorial/Basics/LevelEditorOverview.uasset" 443
"../../../Engine/Content/Tutorial/BlueprintTutorials/TutorialAssets/Blueprint_64x.uasset" 444
"../../../Engine/Content/Tutorial/BlueprintTutorials/BlueprintEditorTutorial.uasset" 445
"../../../Engine/Content/Tutorial/Installation/InstallingVisualStudioTutorial.uasset" 446
"../../../Engine/Content/VREditor/TransformGizmo/TranslucentTransformGizmoMaterial.uasset" 447
"../../../Engine/Content/VREditor/LaserPointer/VR_LaserPower_01.uasset" 448
"../../../Engine/Content/VREditor/TransformGizmo/TransformGizmoMaterial.uasset" 449
"../../../Engine/Content/VREditor/TransformGizmo/BoundingBoxCorner.uasset" 450
"../../../Engine/Content/VREditor/TransformGizmo/BoundingBoxEdge.uasset" 451
"../../../Engine/Content/VREditor/TransformGizmo/PlaneTranslationHandle.uasset" 452
"../../../Engine/Content/VREditor/TransformGizmo/Xray.uasset" 453
"../../../Engine/Content/VREditor/TransformGizmo/Main.uasset" 454
"../../../Engine/Content/VREditor/TransformGizmo/SM_Sequencer_Key.uasset" 455
"../../../Engine/Content/VREditor/TransformGizmo/SM_Sequencer_Node.uasset" 456
"../../Plugins/2D/Paper2D/Content/DummySprite.uasset" 457
"../../Plugins/2D/Paper2D/Content/DefaultPaperTerrainMaterial.uasset" 458
"../../Plugins/2D/Paper2D/Content/MaskedUnlitSpriteMaterial.uasset" 459
"../../Plugins/2D/Paper2D/Content/OpaqueUnlitSpriteMaterial.uasset" 460
"../../../Engine/Content/Functions/Engine_MaterialFunctions02/Utility/BreakOutFloat3Components.uasset" 461
"../../../Engine/Content/Functions/Engine_MaterialFunctions02/ObjectLocalBounds.uasset" 462
"../../Plugins/Editor/SpeedTreeImporter/Content/SpeedTree9/UnpackInteger3.uasset" 463
"../../Plugins/Editor/SpeedTreeImporter/Content/SpeedTree9/UnpackDirection.uasset" 464
"../../Plugins/Editor/SpeedTreeImporter/Content/SpeedTree9/game_wind_noise.uasset" 465
"../../../Engine/Content/Functions/Engine_MaterialFunctions02/SafeNormalize.uasset" 466
"../../Plugins/Editor/SpeedTreeImporter/Content/SpeedTree9/SpeedTreeWindMotion.uasset" 467
"../../Plugins/Editor/SpeedTreeImporter/Content/SpeedTree9/SpeedTreeBranchMotion.uasset" 468
"../../../Engine/Content/Functions/Engine_MaterialFunctions02/UVs/BoundingBoxBased_0-1_UVW.uasset" 469
"../../Plugins/Editor/SpeedTreeImporter/Content/SpeedTree9/SpeedTreeWind.uasset" 470
"../../Plugins/Editor/SpeedTreeImporter/Content/SpeedTree9/SpeedTreeBillboard.uasset" 471
"../../../Engine/Content/EngineResources/DefaultTexture.uasset" 472
"../../Plugins/Editor/SpeedTreeImporter/Content/SpeedTree9/SpeedTreeBillboardMaster.uasset" 473
"../../Plugins/Editor/SpeedTreeImporter/Content/SpeedTree9/SpeedTreeCameraFacing.uasset" 474
"../../Plugins/Editor/SpeedTreeImporter/Content/SpeedTree9/SpeedTreeMaster.uasset" 475
"../../../Engine/Content/BasicShapes/Cylinder.uasset" 476
"../../../Engine/Content/ArtTools/RenderToTexture/Materials/Debug/M_Emissive_Color.uasset" 477
"../../Plugins/Lumin/MagicLeapPassableWorld/Content/MagicLeapARPinInfoActor.uasset" 478
"../../../Engine/Content/Functions/Engine_MaterialFunctions02/Utility/BreakOutFloat4Components.uasset" 479
"../../../Engine/Content/Functions/Engine_MaterialFunctions02/Utility/MakeFloat3.uasset" 480
"../../Plugins/Runtime/Oculus/OculusVR/Content/Materials/OculusMR_ChromaKey.uasset" 481
"../../Plugins/Runtime/Oculus/OculusVR/Content/Materials/OculusMR_OpaqueColoredMaterial.uasset" 482
"../../Plugins/Runtime/Oculus/OculusVR/Content/Materials/PokeAHoleMaterial.uasset" 483
"../../../../../../Users/harri/Desktop/GJLFall2021/GJLFall2021/Content/Cinematics/RobotTrailsIntro.uasset" 484
"../../../../../../Users/harri/Desktop/GJLFall2021/GJLFall2021/Content/UI/IntroFilm.uasset" 485
"../../../Engine/Content/BasicShapes/Cube.uasset" 486
"../../../../../../Users/harri/Desktop/GJLFall2021/GJLFall2021/Content/Levels/Level0_BuiltData.uasset" 487
"../../../../../../Users/harri/Desktop/GJLFall2021/GJLFall2021/Content/BluePrints/CinematicDialogueTrigger.uasset" 488
"../../../../../../Users/harri/Desktop/GJLFall2021/GJLFall2021/Content/Assets/bgALL.uasset" 489
"../../../../../../Users/harri/Desktop/GJLFall2021/GJLFall2021/Content/Assets/bgALL_Sprite.uasset" 490
"../../../../../../Users/harri/Desktop/GJLFall2021/GJLFall2021/Content/Levels/Level0.umap" 491
"../../../../../../Users/harri/Desktop/GJLFall2021/GJLFall2021/Content/Sounds/Patreon_Goal_Reward_Loops_-_Track_14.uasset" 492
"../../../../../../Users/harri/Desktop/GJLFall2021/GJLFall2021/Content/Sounds/Patreon_Goal_Reward_Loops_-_Track_12.uasset" 493
"../../../../../../Users/harri/Desktop/GJLFall2021/GJLFall2021/Content/Levels/Level1_BuiltData.uasset" 494
"../../../../../../Users/harri/Desktop/GJLFall2021/GJLFall2021/Content/BluePrints/Respawn.uasset" 495
"../../../../../../Users/harri/Desktop/GJLFall2021/GJLFall2021/Content/BluePrints/NextLevel.uasset" 496
"../../../../../../Users/harri/Desktop/GJLFall2021/GJLFall2021/Content/BluePrints/ActorTextTriggerer.uasset" 497
"../../../../../../Users/harri/Desktop/GJLFall2021/GJLFall2021/Content/Levels/Level1.umap" 498
"../../../../../../Users/harri/Desktop/GJLFall2021/GJLFall2021/Content/Levels/Level2TileMap.uasset" 499
"../../../../../../Users/harri/Desktop/GJLFall2021/GJLFall2021/Content/Levels/Level2.umap" 500
"../../../../../../Users/harri/Desktop/GJLFall2021/GJLFall2021/Content/Levels/Level3Tilemap.uasset" 501
"../../../../../../Users/harri/Desktop/GJLFall2021/GJLFall2021/Content/Levels/Level3.umap" 502
"../../../../../../Users/harri/Desktop/GJLFall2021/GJLFall2021/Content/Assets/UIAssets/Screenshot_3.uasset" 503
"../../../../../../Users/harri/Desktop/GJLFall2021/GJLFall2021/Content/Assets/UIAssets/Screenshot_3_Sprite.uasset" 504
"../../../../../../Users/harri/Desktop/GJLFall2021/GJLFall2021/Content/Assets/Chicken/Chicken_Sprite_Sheet_Sprite_10.uasset" 505
"../../../../../../Users/harri/Desktop/GJLFall2021/GJLFall2021/Content/UI/MainMenu.uasset" 506
"../../../../../../Users/harri/Desktop/GJLFall2021/GJLFall2021/Content/Levels/MainMenu.umap" 507
"../../../Engine/Content/Maps/Entry_BuiltData.uasset" 508
"../../../Engine/Content/Maps/Entry.umap" 509
